[05-Aug-2022 19:57:36 UTC] PHP Warning:  Use of undefined constant all - assumed 'all' (this will throw an Error in a future version of PHP) in C:\Users\elsfa\Local Sites\cascsa\app\public\wp-content\themes\cascsa\functions.php on line 5
[05-Aug-2022 19:57:36 UTC] PHP Stack trace:
[05-Aug-2022 19:57:36 UTC] PHP   1. {main}() C:\Users\elsfa\Local Sites\cascsa\app\public\index.php:0
[05-Aug-2022 19:57:36 UTC] PHP   2. require() C:\Users\elsfa\Local Sites\cascsa\app\public\index.php:17
[05-Aug-2022 19:57:36 UTC] PHP   3. require_once() C:\Users\elsfa\Local Sites\cascsa\app\public\wp-blog-header.php:19
[05-Aug-2022 19:57:36 UTC] PHP   4. include() C:\Users\elsfa\Local Sites\cascsa\app\public\wp-includes\template-loader.php:106
[05-Aug-2022 19:57:36 UTC] PHP   5. get_header() C:\Users\elsfa\Local Sites\cascsa\app\public\wp-content\themes\cascsa\index.php:1
[05-Aug-2022 19:57:36 UTC] PHP   6. locate_template() C:\Users\elsfa\Local Sites\cascsa\app\public\wp-includes\general-template.php:48
[05-Aug-2022 19:57:36 UTC] PHP   7. load_template() C:\Users\elsfa\Local Sites\cascsa\app\public\wp-includes\template.php:716
[05-Aug-2022 19:57:36 UTC] PHP   8. require_once() C:\Users\elsfa\Local Sites\cascsa\app\public\wp-includes\template.php:770
[05-Aug-2022 19:57:36 UTC] PHP   9. wp_head() C:\Users\elsfa\Local Sites\cascsa\app\public\wp-content\themes\cascsa\header.php:11
[05-Aug-2022 19:57:36 UTC] PHP  10. do_action() C:\Users\elsfa\Local Sites\cascsa\app\public\wp-includes\general-template.php:3042
[05-Aug-2022 19:57:36 UTC] PHP  11. WP_Hook->do_action() C:\Users\elsfa\Local Sites\cascsa\app\public\wp-includes\plugin.php:476
[05-Aug-2022 19:57:36 UTC] PHP  12. WP_Hook->apply_filters() C:\Users\elsfa\Local Sites\cascsa\app\public\wp-includes\class-wp-hook.php:331
[05-Aug-2022 19:57:36 UTC] PHP  13. wp_enqueue_scripts() C:\Users\elsfa\Local Sites\cascsa\app\public\wp-includes\class-wp-hook.php:307
[05-Aug-2022 19:57:36 UTC] PHP  14. do_action() C:\Users\elsfa\Local Sites\cascsa\app\public\wp-includes\script-loader.php:2156
[05-Aug-2022 19:57:36 UTC] PHP  15. WP_Hook->do_action() C:\Users\elsfa\Local Sites\cascsa\app\public\wp-includes\plugin.php:476
[05-Aug-2022 19:57:36 UTC] PHP  16. WP_Hook->apply_filters() C:\Users\elsfa\Local Sites\cascsa\app\public\wp-includes\class-wp-hook.php:331
[05-Aug-2022 19:57:36 UTC] PHP  17. setup() C:\Users\elsfa\Local Sites\cascsa\app\public\wp-includes\class-wp-hook.php:307
[05-Aug-2022 19:57:36 UTC] PHP Warning:  Use of undefined constant all - assumed 'all' (this will throw an Error in a future version of PHP) in C:\Users\elsfa\Local Sites\cascsa\app\public\wp-content\themes\cascsa\functions.php on line 5
[05-Aug-2022 19:57:36 UTC] PHP Stack trace:
[05-Aug-2022 19:57:36 UTC] PHP   1. {main}() C:\Users\elsfa\Local Sites\cascsa\app\public\index.php:0
[05-Aug-2022 19:57:36 UTC] PHP   2. require() C:\Users\elsfa\Local Sites\cascsa\app\public\index.php:17
[05-Aug-2022 19:57:36 UTC] PHP   3. require_once() C:\Users\elsfa\Local Sites\cascsa\app\public\wp-blog-header.php:19
[05-Aug-2022 19:57:36 UTC] PHP   4. include() C:\Users\elsfa\Local Sites\cascsa\app\public\wp-includes\template-loader.php:106
[05-Aug-2022 19:57:36 UTC] PHP   5. get_header() C:\Users\elsfa\Local Sites\cascsa\app\public\wp-content\themes\cascsa\index.php:1
[05-Aug-2022 19:57:36 UTC] PHP   6. locate_template() C:\Users\elsfa\Local Sites\cascsa\app\public\wp-includes\general-template.php:48
[05-Aug-2022 19:57:36 UTC] PHP   7. load_template() C:\Users\elsfa\Local Sites\cascsa\app\public\wp-includes\template.php:716
[05-Aug-2022 19:57:36 UTC] PHP   8. require_once() C:\Users\elsfa\Local Sites\cascsa\app\public\wp-includes\template.php:770
[05-Aug-2022 19:57:36 UTC] PHP   9. wp_head() C:\Users\elsfa\Local Sites\cascsa\app\public\wp-content\themes\cascsa\header.php:11
[05-Aug-2022 19:57:36 UTC] PHP  10. do_action() C:\Users\elsfa\Local Sites\cascsa\app\public\wp-includes\general-template.php:3042
[05-Aug-2022 19:57:36 UTC] PHP  11. WP_Hook->do_action() C:\Users\elsfa\Local Sites\cascsa\app\public\wp-includes\plugin.php:476
[05-Aug-2022 19:57:36 UTC] PHP  12. WP_Hook->apply_filters() C:\Users\elsfa\Local Sites\cascsa\app\public\wp-includes\class-wp-hook.php:331
[05-Aug-2022 19:57:36 UTC] PHP  13. wp_enqueue_scripts() C:\Users\elsfa\Local Sites\cascsa\app\public\wp-includes\class-wp-hook.php:307
[05-Aug-2022 19:57:36 UTC] PHP  14. do_action() C:\Users\elsfa\Local Sites\cascsa\app\public\wp-includes\script-loader.php:2156
[05-Aug-2022 19:57:36 UTC] PHP  15. WP_Hook->do_action() C:\Users\elsfa\Local Sites\cascsa\app\public\wp-includes\plugin.php:476
[05-Aug-2022 19:57:36 UTC] PHP  16. WP_Hook->apply_filters() C:\Users\elsfa\Local Sites\cascsa\app\public\wp-includes\class-wp-hook.php:331
[05-Aug-2022 19:57:36 UTC] PHP  17. setup() C:\Users\elsfa\Local Sites\cascsa\app\public\wp-includes\class-wp-hook.php:307
[05-Aug-2022 19:57:36 UTC] PHP Warning:  Use of undefined constant all - assumed 'all' (this will throw an Error in a future version of PHP) in C:\Users\elsfa\Local Sites\cascsa\app\public\wp-content\themes\cascsa\functions.php on line 5
[05-Aug-2022 19:57:36 UTC] PHP Stack trace:
[05-Aug-2022 19:57:36 UTC] PHP   1. {main}() C:\Users\elsfa\Local Sites\cascsa\app\public\index.php:0
[05-Aug-2022 19:57:36 UTC] PHP   2. require() C:\Users\elsfa\Local Sites\cascsa\app\public\index.php:17
[05-Aug-2022 19:57:36 UTC] PHP   3. require_once() C:\Users\elsfa\Local Sites\cascsa\app\public\wp-blog-header.php:19
[05-Aug-2022 19:57:36 UTC] PHP   4. include() C:\Users\elsfa\Local Sites\cascsa\app\public\wp-includes\template-loader.php:106
[05-Aug-2022 19:57:36 UTC] PHP   5. get_header() C:\Users\elsfa\Local Sites\cascsa\app\public\wp-content\themes\cascsa\index.php:1
[05-Aug-2022 19:57:36 UTC] PHP   6. locate_template() C:\Users\elsfa\Local Sites\cascsa\app\public\wp-includes\general-template.php:48
[05-Aug-2022 19:57:36 UTC] PHP   7. load_template() C:\Users\elsfa\Local Sites\cascsa\app\public\wp-includes\template.php:716
[05-Aug-2022 19:57:36 UTC] PHP   8. require_once() C:\Users\elsfa\Local Sites\cascsa\app\public\wp-includes\template.php:770
[05-Aug-2022 19:57:36 UTC] PHP   9. wp_head() C:\Users\elsfa\Local Sites\cascsa\app\public\wp-content\themes\cascsa\header.php:11
[05-Aug-2022 19:57:36 UTC] PHP  10. do_action() C:\Users\elsfa\Local Sites\cascsa\app\public\wp-includes\general-template.php:3042
[05-Aug-2022 19:57:36 UTC] PHP  11. WP_Hook->do_action() C:\Users\elsfa\Local Sites\cascsa\app\public\wp-includes\plugin.php:476
[05-Aug-2022 19:57:36 UTC] PHP  12. WP_Hook->apply_filters() C:\Users\elsfa\Local Sites\cascsa\app\public\wp-includes\class-wp-hook.php:331
[05-Aug-2022 19:57:36 UTC] PHP  13. wp_enqueue_scripts() C:\Users\elsfa\Local Sites\cascsa\app\public\wp-includes\class-wp-hook.php:307
[05-Aug-2022 19:57:36 UTC] PHP  14. do_action() C:\Users\elsfa\Local Sites\cascsa\app\public\wp-includes\script-loader.php:2156
[05-Aug-2022 19:57:36 UTC] PHP  15. WP_Hook->do_action() C:\Users\elsfa\Local Sites\cascsa\app\public\wp-includes\plugin.php:476
[05-Aug-2022 19:57:36 UTC] PHP  16. WP_Hook->apply_filters() C:\Users\elsfa\Local Sites\cascsa\app\public\wp-includes\class-wp-hook.php:331
[05-Aug-2022 19:57:36 UTC] PHP  17. setup() C:\Users\elsfa\Local Sites\cascsa\app\public\wp-includes\class-wp-hook.php:307
[05-Aug-2022 19:57:51 UTC] PHP Warning:  Use of undefined constant all - assumed 'all' (this will throw an Error in a future version of PHP) in C:\Users\elsfa\Local Sites\cascsa\app\public\wp-content\themes\cascsa\functions.php on line 5
[05-Aug-2022 19:57:51 UTC] PHP Stack trace:
[05-Aug-2022 19:57:51 UTC] PHP   1. {main}() C:\Users\elsfa\Local Sites\cascsa\app\public\index.php:0
[05-Aug-2022 19:57:51 UTC] PHP   2. require() C:\Users\elsfa\Local Sites\cascsa\app\public\index.php:17
[05-Aug-2022 19:57:51 UTC] PHP   3. require_once() C:\Users\elsfa\Local Sites\cascsa\app\public\wp-blog-header.php:19
[05-Aug-2022 19:57:51 UTC] PHP   4. include() C:\Users\elsfa\Local Sites\cascsa\app\public\wp-includes\template-loader.php:106
[05-Aug-2022 19:57:51 UTC] PHP   5. get_header() C:\Users\elsfa\Local Sites\cascsa\app\public\wp-content\themes\cascsa\index.php:1
[05-Aug-2022 19:57:51 UTC] PHP   6. locate_template() C:\Users\elsfa\Local Sites\cascsa\app\public\wp-includes\general-template.php:48
[05-Aug-2022 19:57:51 UTC] PHP   7. load_template() C:\Users\elsfa\Local Sites\cascsa\app\public\wp-includes\template.php:716
[05-Aug-2022 19:57:51 UTC] PHP   8. require_once() C:\Users\elsfa\Local Sites\cascsa\app\public\wp-includes\template.php:770
[05-Aug-2022 19:57:51 UTC] PHP   9. wp_head() C:\Users\elsfa\Local Sites\cascsa\app\public\wp-content\themes\cascsa\header.php:11
[05-Aug-2022 19:57:51 UTC] PHP  10. do_action() C:\Users\elsfa\Local Sites\cascsa\app\public\wp-includes\general-template.php:3042
[05-Aug-2022 19:57:51 UTC] PHP  11. WP_Hook->do_action() C:\Users\elsfa\Local Sites\cascsa\app\public\wp-includes\plugin.php:476
[05-Aug-2022 19:57:51 UTC] PHP  12. WP_Hook->apply_filters() C:\Users\elsfa\Local Sites\cascsa\app\public\wp-includes\class-wp-hook.php:331
[05-Aug-2022 19:57:51 UTC] PHP  13. wp_enqueue_scripts() C:\Users\elsfa\Local Sites\cascsa\app\public\wp-includes\class-wp-hook.php:307
[05-Aug-2022 19:57:51 UTC] PHP  14. do_action() C:\Users\elsfa\Local Sites\cascsa\app\public\wp-includes\script-loader.php:2156
[05-Aug-2022 19:57:51 UTC] PHP  15. WP_Hook->do_action() C:\Users\elsfa\Local Sites\cascsa\app\public\wp-includes\plugin.php:476
[05-Aug-2022 19:57:51 UTC] PHP  16. WP_Hook->apply_filters() C:\Users\elsfa\Local Sites\cascsa\app\public\wp-includes\class-wp-hook.php:331
[05-Aug-2022 19:57:51 UTC] PHP  17. setup() C:\Users\elsfa\Local Sites\cascsa\app\public\wp-includes\class-wp-hook.php:307
[05-Aug-2022 19:57:51 UTC] PHP Warning:  Use of undefined constant all - assumed 'all' (this will throw an Error in a future version of PHP) in C:\Users\elsfa\Local Sites\cascsa\app\public\wp-content\themes\cascsa\functions.php on line 5
[05-Aug-2022 19:57:51 UTC] PHP Stack trace:
[05-Aug-2022 19:57:51 UTC] PHP   1. {main}() C:\Users\elsfa\Local Sites\cascsa\app\public\index.php:0
[05-Aug-2022 19:57:51 UTC] PHP   2. require() C:\Users\elsfa\Local Sites\cascsa\app\public\index.php:17
[05-Aug-2022 19:57:51 UTC] PHP   3. require_once() C:\Users\elsfa\Local Sites\cascsa\app\public\wp-blog-header.php:19
[05-Aug-2022 19:57:51 UTC] PHP   4. include() C:\Users\elsfa\Local Sites\cascsa\app\public\wp-includes\template-loader.php:106
[05-Aug-2022 19:57:51 UTC] PHP   5. get_header() C:\Users\elsfa\Local Sites\cascsa\app\public\wp-content\themes\cascsa\index.php:1
[05-Aug-2022 19:57:51 UTC] PHP   6. locate_template() C:\Users\elsfa\Local Sites\cascsa\app\public\wp-includes\general-template.php:48
[05-Aug-2022 19:57:51 UTC] PHP   7. load_template() C:\Users\elsfa\Local Sites\cascsa\app\public\wp-includes\template.php:716
[05-Aug-2022 19:57:51 UTC] PHP   8. require_once() C:\Users\elsfa\Local Sites\cascsa\app\public\wp-includes\template.php:770
[05-Aug-2022 19:57:51 UTC] PHP   9. wp_head() C:\Users\elsfa\Local Sites\cascsa\app\public\wp-content\themes\cascsa\header.php:11
[05-Aug-2022 19:57:51 UTC] PHP  10. do_action() C:\Users\elsfa\Local Sites\cascsa\app\public\wp-includes\general-template.php:3042
[05-Aug-2022 19:57:51 UTC] PHP  11. WP_Hook->do_action() C:\Users\elsfa\Local Sites\cascsa\app\public\wp-includes\plugin.php:476
[05-Aug-2022 19:57:51 UTC] PHP  12. WP_Hook->apply_filters() C:\Users\elsfa\Local Sites\cascsa\app\public\wp-includes\class-wp-hook.php:331
[05-Aug-2022 19:57:51 UTC] PHP  13. wp_enqueue_scripts() C:\Users\elsfa\Local Sites\cascsa\app\public\wp-includes\class-wp-hook.php:307
[05-Aug-2022 19:57:51 UTC] PHP  14. do_action() C:\Users\elsfa\Local Sites\cascsa\app\public\wp-includes\script-loader.php:2156
[05-Aug-2022 19:57:51 UTC] PHP  15. WP_Hook->do_action() C:\Users\elsfa\Local Sites\cascsa\app\public\wp-includes\plugin.php:476
[05-Aug-2022 19:57:51 UTC] PHP  16. WP_Hook->apply_filters() C:\Users\elsfa\Local Sites\cascsa\app\public\wp-includes\class-wp-hook.php:331
[05-Aug-2022 19:57:51 UTC] PHP  17. setup() C:\Users\elsfa\Local Sites\cascsa\app\public\wp-includes\class-wp-hook.php:307
[05-Aug-2022 19:57:51 UTC] PHP Warning:  Use of undefined constant all - assumed 'all' (this will throw an Error in a future version of PHP) in C:\Users\elsfa\Local Sites\cascsa\app\public\wp-content\themes\cascsa\functions.php on line 5
[05-Aug-2022 19:57:51 UTC] PHP Stack trace:
[05-Aug-2022 19:57:51 UTC] PHP   1. {main}() C:\Users\elsfa\Local Sites\cascsa\app\public\index.php:0
[05-Aug-2022 19:57:51 UTC] PHP   2. require() C:\Users\elsfa\Local Sites\cascsa\app\public\index.php:17
[05-Aug-2022 19:57:51 UTC] PHP   3. require_once() C:\Users\elsfa\Local Sites\cascsa\app\public\wp-blog-header.php:19
[05-Aug-2022 19:57:51 UTC] PHP   4. include() C:\Users\elsfa\Local Sites\cascsa\app\public\wp-includes\template-loader.php:106
[05-Aug-2022 19:57:51 UTC] PHP   5. get_header() C:\Users\elsfa\Local Sites\cascsa\app\public\wp-content\themes\cascsa\index.php:1
[05-Aug-2022 19:57:51 UTC] PHP   6. locate_template() C:\Users\elsfa\Local Sites\cascsa\app\public\wp-includes\general-template.php:48
[05-Aug-2022 19:57:51 UTC] PHP   7. load_template() C:\Users\elsfa\Local Sites\cascsa\app\public\wp-includes\template.php:716
[05-Aug-2022 19:57:51 UTC] PHP   8. require_once() C:\Users\elsfa\Local Sites\cascsa\app\public\wp-includes\template.php:770
[05-Aug-2022 19:57:51 UTC] PHP   9. wp_head() C:\Users\elsfa\Local Sites\cascsa\app\public\wp-content\themes\cascsa\header.php:11
[05-Aug-2022 19:57:51 UTC] PHP  10. do_action() C:\Users\elsfa\Local Sites\cascsa\app\public\wp-includes\general-template.php:3042
[05-Aug-2022 19:57:51 UTC] PHP  11. WP_Hook->do_action() C:\Users\elsfa\Local Sites\cascsa\app\public\wp-includes\plugin.php:476
[05-Aug-2022 19:57:51 UTC] PHP  12. WP_Hook->apply_filters() C:\Users\elsfa\Local Sites\cascsa\app\public\wp-includes\class-wp-hook.php:331
[05-Aug-2022 19:57:51 UTC] PHP  13. wp_enqueue_scripts() C:\Users\elsfa\Local Sites\cascsa\app\public\wp-includes\class-wp-hook.php:307
[05-Aug-2022 19:57:51 UTC] PHP  14. do_action() C:\Users\elsfa\Local Sites\cascsa\app\public\wp-includes\script-loader.php:2156
[05-Aug-2022 19:57:51 UTC] PHP  15. WP_Hook->do_action() C:\Users\elsfa\Local Sites\cascsa\app\public\wp-includes\plugin.php:476
[05-Aug-2022 19:57:51 UTC] PHP  16. WP_Hook->apply_filters() C:\Users\elsfa\Local Sites\cascsa\app\public\wp-includes\class-wp-hook.php:331
[05-Aug-2022 19:57:51 UTC] PHP  17. setup() C:\Users\elsfa\Local Sites\cascsa\app\public\wp-includes\class-wp-hook.php:307
[05-Aug-2022 20:00:38 UTC] PHP Fatal error:  Uncaught ArgumentCountError: Too few arguments to function add_action(), 0 passed in C:\Users\elsfa\Local Sites\cascsa\app\public\wp-content\themes\cascsa\functions.php on line 16 and at least 2 expected in C:\Users\elsfa\Local Sites\cascsa\app\public\wp-includes\plugin.php:400
Stack trace:
#0 C:\Users\elsfa\Local Sites\cascsa\app\public\wp-content\themes\cascsa\functions.php(16): add_action()
#1 C:\Users\elsfa\Local Sites\cascsa\app\public\wp-settings.php(566): include('C:\\Users\\elsfa\\...')
#2 C:\Users\elsfa\Local Sites\cascsa\app\public\wp-config.php(91): require_once('C:\\Users\\elsfa\\...')
#3 C:\Users\elsfa\Local Sites\cascsa\app\public\wp-load.php(50): require_once('C:\\Users\\elsfa\\...')
#4 C:\Users\elsfa\Local Sites\cascsa\app\public\wp-admin\admin-ajax.php(22): require_once('C:\\Users\\elsfa\\...')
#5 {main}
  thrown in C:\Users\elsfa\Local Sites\cascsa\app\public\wp-includes\plugin.php on line 400
[08-Aug-2022 18:12:54 UTC] PHP Parse error:  syntax error, unexpected '}' in C:\Users\elsfa\Local Sites\cascsa\app\public\wp-content\themes\cascsa\functions.php on line 25
[08-Aug-2022 18:14:55 UTC] PHP Parse error:  syntax error, unexpected '}' in C:\Users\elsfa\Local Sites\cascsa\app\public\wp-content\themes\cascsa\functions.php on line 31
[08-Aug-2022 18:16:07 UTC] PHP Parse error:  syntax error, unexpected '}' in C:\Users\elsfa\Local Sites\cascsa\app\public\wp-content\themes\cascsa\functions.php on line 36
[08-Aug-2022 18:16:07 UTC] PHP Parse error:  syntax error, unexpected '}' in C:\Users\elsfa\Local Sites\cascsa\app\public\wp-content\themes\cascsa\functions.php on line 36
[08-Aug-2022 18:16:08 UTC] PHP Parse error:  syntax error, unexpected '}' in C:\Users\elsfa\Local Sites\cascsa\app\public\wp-content\themes\cascsa\functions.php on line 36
[08-Aug-2022 18:16:10 UTC] PHP Parse error:  syntax error, unexpected '}' in C:\Users\elsfa\Local Sites\cascsa\app\public\wp-content\themes\cascsa\functions.php on line 36
[08-Aug-2022 18:16:10 UTC] PHP Parse error:  syntax error, unexpected '}' in C:\Users\elsfa\Local Sites\cascsa\app\public\wp-content\themes\cascsa\functions.php on line 36
[08-Aug-2022 20:17:54 UTC] PHP Parse error:  syntax error, unexpected ';', expecting ')' in C:\Users\elsfa\Local Sites\cascsa\app\public\wp-content\themes\cascsa\index.php on line 10
[08-Aug-2022 20:17:57 UTC] PHP Parse error:  syntax error, unexpected ';', expecting ')' in C:\Users\elsfa\Local Sites\cascsa\app\public\wp-content\themes\cascsa\index.php on line 10
[08-Aug-2022 23:19:18 UTC] PHP Fatal error:  Uncaught Error: Call to undefined function get_title() in C:\Users\elsfa\Local Sites\cascsa\app\public\wp-content\themes\cascsa\single-program.php:4
Stack trace:
#0 C:\Users\elsfa\Local Sites\cascsa\app\public\wp-includes\template-loader.php(106): include()
#1 C:\Users\elsfa\Local Sites\cascsa\app\public\wp-blog-header.php(19): require_once('C:\\Users\\elsfa\\...')
#2 C:\Users\elsfa\Local Sites\cascsa\app\public\index.php(17): require('C:\\Users\\elsfa\\...')
#3 {main}
  thrown in C:\Users\elsfa\Local Sites\cascsa\app\public\wp-content\themes\cascsa\single-program.php on line 4
[14-Sep-2022 03:31:55 UTC] PHP Parse error:  syntax error, unexpected '$upcoming_events' (T_VARIABLE) in C:\Users\elsfa\Local Sites\cascsa\app\public\wp-content\themes\cascsa\archive-event.php on line 7
[14-Sep-2022 05:00:51 UTC] PHP Fatal error:  Uncaught Error: Function name must be a string in C:\Users\elsfa\Local Sites\cascsa\app\public\wp-content\themes\cascsa\archive-event.php:7
Stack trace:
#0 C:\Users\elsfa\Local Sites\cascsa\app\public\wp-includes\template-loader.php(106): include()
#1 C:\Users\elsfa\Local Sites\cascsa\app\public\wp-blog-header.php(19): require_once('C:\\Users\\elsfa\\...')
#2 C:\Users\elsfa\Local Sites\cascsa\app\public\index.php(17): require('C:\\Users\\elsfa\\...')
#3 {main}
  thrown in C:\Users\elsfa\Local Sites\cascsa\app\public\wp-content\themes\cascsa\archive-event.php on line 7
[20-Apr-2023 20:26:06 UTC] PHP Warning:  Attempt to read property "title" on null in C:\Users\elsfa\Local Sites\cascsa\app\public\wp-includes\class-wp-customize-widgets.php on line 905
